mode: atomic
github.com/dennypenta/go-api-walkthrough/assembly/app.go:30.48,31.37 1 0
github.com/dennypenta/go-api-walkthrough/assembly/app.go:31.37,34.3 2 0
github.com/dennypenta/go-api-walkthrough/assembly/app.go:36.2,36.12 1 0
github.com/dennypenta/go-api-walkthrough/assembly/app.go:39.40,41.16 2 0
github.com/dennypenta/go-api-walkthrough/assembly/app.go:41.16,43.3 1 0
github.com/dennypenta/go-api-walkthrough/assembly/app.go:45.2,46.16 2 0
github.com/dennypenta/go-api-walkthrough/assembly/app.go:46.16,48.3 1 0
github.com/dennypenta/go-api-walkthrough/assembly/app.go:49.2,58.16 7 0
github.com/dennypenta/go-api-walkthrough/assembly/app.go:58.16,60.3 1 0
github.com/dennypenta/go-api-walkthrough/assembly/app.go:62.2,74.78 10 0
github.com/dennypenta/go-api-walkthrough/assembly/app.go:74.78,76.3 1 0
github.com/dennypenta/go-api-walkthrough/assembly/app.go:80.2,88.8 3 0
github.com/dennypenta/go-api-walkthrough/assembly/config.go:20.34,23.53 2 0
github.com/dennypenta/go-api-walkthrough/assembly/config.go:23.53,25.3 1 0
github.com/dennypenta/go-api-walkthrough/assembly/config.go:27.2,27.18 1 0
github.com/dennypenta/go-api-walkthrough/cmd/server/main.go:18.13,20.16 2 0
github.com/dennypenta/go-api-walkthrough/cmd/server/main.go:20.16,22.3 1 0
github.com/dennypenta/go-api-walkthrough/cmd/server/main.go:24.2,28.16 4 0
github.com/dennypenta/go-api-walkthrough/cmd/server/main.go:28.16,30.3 1 0
github.com/dennypenta/go-api-walkthrough/cmd/server/main.go:32.2,32.81 1 0
github.com/dennypenta/go-api-walkthrough/cmd/server/main.go:32.81,34.3 1 0
github.com/dennypenta/go-api-walkthrough/cmd/server/main.go:36.2,39.20 3 0
github.com/dennypenta/go-api-walkthrough/cmd/server/main.go:39.20,46.46 6 0
github.com/dennypenta/go-api-walkthrough/cmd/server/main.go:46.46,48.4 1 0
github.com/dennypenta/go-api-walkthrough/cmd/server/main.go:49.3,49.24 1 0
github.com/dennypenta/go-api-walkthrough/cmd/server/main.go:51.2,51.20 1 0
github.com/dennypenta/go-api-walkthrough/cmd/server/main.go:51.20,53.49 2 0
github.com/dennypenta/go-api-walkthrough/cmd/server/main.go:53.49,54.44 1 0
github.com/dennypenta/go-api-walkthrough/cmd/server/main.go:54.44,56.5 1 0
github.com/dennypenta/go-api-walkthrough/cmd/server/main.go:56.10,58.5 1 0
github.com/dennypenta/go-api-walkthrough/cmd/server/main.go:60.4,60.14 1 0
github.com/dennypenta/go-api-walkthrough/cmd/server/main.go:63.3,63.13 1 0
github.com/dennypenta/go-api-walkthrough/cmd/server/main.go:65.2,65.33 1 0
github.com/dennypenta/go-api-walkthrough/cmd/server/main.go:65.33,68.3 2 0
github.com/dennypenta/go-api-walkthrough/cmd/server/main.go:70.2,70.44 1 0
github.com/dennypenta/go-api-walkthrough/domain/mocks/mock_user_repository.go:18.102,21.19 2 0
github.com/dennypenta/go-api-walkthrough/domain/mocks/mock_user_repository.go:21.19,22.52 1 0
github.com/dennypenta/go-api-walkthrough/domain/mocks/mock_user_repository.go:25.2,27.88 3 0
github.com/dennypenta/go-api-walkthrough/domain/mocks/mock_user_repository.go:27.88,29.3 1 0
github.com/dennypenta/go-api-walkthrough/domain/mocks/mock_user_repository.go:30.2,30.79 1 0
github.com/dennypenta/go-api-walkthrough/domain/mocks/mock_user_repository.go:30.79,32.3 1 0
github.com/dennypenta/go-api-walkthrough/domain/mocks/mock_user_repository.go:32.8,34.3 1 0
github.com/dennypenta/go-api-walkthrough/domain/mocks/mock_user_repository.go:36.2,36.73 1 0
github.com/dennypenta/go-api-walkthrough/domain/mocks/mock_user_repository.go:36.73,38.3 1 0
github.com/dennypenta/go-api-walkthrough/domain/mocks/mock_user_repository.go:38.8,40.3 1 0
github.com/dennypenta/go-api-walkthrough/domain/mocks/mock_user_repository.go:42.2,42.15 1 0
github.com/dennypenta/go-api-walkthrough/domain/mocks/mock_user_repository.go:46.80,49.19 2 0
github.com/dennypenta/go-api-walkthrough/domain/mocks/mock_user_repository.go:49.19,50.52 1 0
github.com/dennypenta/go-api-walkthrough/domain/mocks/mock_user_repository.go:53.2,54.68 2 0
github.com/dennypenta/go-api-walkthrough/domain/mocks/mock_user_repository.go:54.68,56.3 1 0
github.com/dennypenta/go-api-walkthrough/domain/mocks/mock_user_repository.go:56.8,58.3 1 0
github.com/dennypenta/go-api-walkthrough/domain/mocks/mock_user_repository.go:60.2,60.11 1 0
github.com/dennypenta/go-api-walkthrough/domain/mocks/mock_user_repository.go:64.96,67.19 2 0
github.com/dennypenta/go-api-walkthrough/domain/mocks/mock_user_repository.go:67.19,68.53 1 0
github.com/dennypenta/go-api-walkthrough/domain/mocks/mock_user_repository.go:71.2,73.83 3 0
github.com/dennypenta/go-api-walkthrough/domain/mocks/mock_user_repository.go:73.83,75.3 1 0
github.com/dennypenta/go-api-walkthrough/domain/mocks/mock_user_repository.go:76.2,76.74 1 0
github.com/dennypenta/go-api-walkthrough/domain/mocks/mock_user_repository.go:76.74,78.3 1 0
github.com/dennypenta/go-api-walkthrough/domain/mocks/mock_user_repository.go:78.8,80.3 1 0
github.com/dennypenta/go-api-walkthrough/domain/mocks/mock_user_repository.go:82.2,82.68 1 0
github.com/dennypenta/go-api-walkthrough/domain/mocks/mock_user_repository.go:82.68,84.3 1 0
github.com/dennypenta/go-api-walkthrough/domain/mocks/mock_user_repository.go:84.8,86.3 1 0
github.com/dennypenta/go-api-walkthrough/domain/mocks/mock_user_repository.go:88.2,88.15 1 0
github.com/dennypenta/go-api-walkthrough/domain/mocks/mock_user_repository.go:92.116,95.19 2 0
github.com/dennypenta/go-api-walkthrough/domain/mocks/mock_user_repository.go:95.19,96.51 1 0
github.com/dennypenta/go-api-walkthrough/domain/mocks/mock_user_repository.go:99.2,102.101 4 0
github.com/dennypenta/go-api-walkthrough/domain/mocks/mock_user_repository.go:102.101,104.3 1 0
github.com/dennypenta/go-api-walkthrough/domain/mocks/mock_user_repository.go:105.2,105.87 1 0
github.com/dennypenta/go-api-walkthrough/domain/mocks/mock_user_repository.go:105.87,107.3 1 0
github.com/dennypenta/go-api-walkthrough/domain/mocks/mock_user_repository.go:107.8,108.24 1 0
github.com/dennypenta/go-api-walkthrough/domain/mocks/mock_user_repository.go:108.24,110.4 1 0
github.com/dennypenta/go-api-walkthrough/domain/mocks/mock_user_repository.go:113.2,113.77 1 0
github.com/dennypenta/go-api-walkthrough/domain/mocks/mock_user_repository.go:113.77,115.3 1 0
github.com/dennypenta/go-api-walkthrough/domain/mocks/mock_user_repository.go:115.8,117.3 1 0
github.com/dennypenta/go-api-walkthrough/domain/mocks/mock_user_repository.go:119.2,119.79 1 0
github.com/dennypenta/go-api-walkthrough/domain/mocks/mock_user_repository.go:119.79,121.3 1 0
github.com/dennypenta/go-api-walkthrough/domain/mocks/mock_user_repository.go:121.8,123.3 1 0
github.com/dennypenta/go-api-walkthrough/domain/mocks/mock_user_repository.go:125.2,125.19 1 0
github.com/dennypenta/go-api-walkthrough/domain/mocks/mock_user_repository.go:129.102,132.19 2 0
github.com/dennypenta/go-api-walkthrough/domain/mocks/mock_user_repository.go:132.19,133.52 1 0
github.com/dennypenta/go-api-walkthrough/domain/mocks/mock_user_repository.go:136.2,138.88 3 0
github.com/dennypenta/go-api-walkthrough/domain/mocks/mock_user_repository.go:138.88,140.3 1 0
github.com/dennypenta/go-api-walkthrough/domain/mocks/mock_user_repository.go:141.2,141.79 1 0
github.com/dennypenta/go-api-walkthrough/domain/mocks/mock_user_repository.go:141.79,143.3 1 0
github.com/dennypenta/go-api-walkthrough/domain/mocks/mock_user_repository.go:143.8,145.3 1 0
github.com/dennypenta/go-api-walkthrough/domain/mocks/mock_user_repository.go:147.2,147.73 1 0
github.com/dennypenta/go-api-walkthrough/domain/mocks/mock_user_repository.go:147.73,149.3 1 0
github.com/dennypenta/go-api-walkthrough/domain/mocks/mock_user_repository.go:149.8,151.3 1 0
github.com/dennypenta/go-api-walkthrough/domain/mocks/mock_user_repository.go:153.2,153.15 1 0
github.com/dennypenta/go-api-walkthrough/domain/mocks/mock_user_repository.go:161.24,165.19 3 0
github.com/dennypenta/go-api-walkthrough/domain/mocks/mock_user_repository.go:165.19,165.49 1 0
github.com/dennypenta/go-api-walkthrough/domain/mocks/mock_user_repository.go:167.2,167.13 1 0
github.com/dennypenta/go-api-walkthrough/handlers/mocks/mock_user_service.go:19.99,22.19 2 0
github.com/dennypenta/go-api-walkthrough/handlers/mocks/mock_user_service.go:22.19,23.52 1 0
github.com/dennypenta/go-api-walkthrough/handlers/mocks/mock_user_service.go:26.2,28.88 3 0
github.com/dennypenta/go-api-walkthrough/handlers/mocks/mock_user_service.go:28.88,30.3 1 0
github.com/dennypenta/go-api-walkthrough/handlers/mocks/mock_user_service.go:31.2,31.79 1 0
github.com/dennypenta/go-api-walkthrough/handlers/mocks/mock_user_service.go:31.79,33.3 1 0
github.com/dennypenta/go-api-walkthrough/handlers/mocks/mock_user_service.go:33.8,35.3 1 0
github.com/dennypenta/go-api-walkthrough/handlers/mocks/mock_user_service.go:37.2,37.73 1 0
github.com/dennypenta/go-api-walkthrough/handlers/mocks/mock_user_service.go:37.73,39.3 1 0
github.com/dennypenta/go-api-walkthrough/handlers/mocks/mock_user_service.go:39.8,41.3 1 0
github.com/dennypenta/go-api-walkthrough/handlers/mocks/mock_user_service.go:43.2,43.15 1 0
github.com/dennypenta/go-api-walkthrough/handlers/mocks/mock_user_service.go:47.77,50.19 2 0
github.com/dennypenta/go-api-walkthrough/handlers/mocks/mock_user_service.go:50.19,51.52 1 0
github.com/dennypenta/go-api-walkthrough/handlers/mocks/mock_user_service.go:54.2,55.68 2 0
github.com/dennypenta/go-api-walkthrough/handlers/mocks/mock_user_service.go:55.68,57.3 1 0
github.com/dennypenta/go-api-walkthrough/handlers/mocks/mock_user_service.go:57.8,59.3 1 0
github.com/dennypenta/go-api-walkthrough/handlers/mocks/mock_user_service.go:61.2,61.11 1 0
github.com/dennypenta/go-api-walkthrough/handlers/mocks/mock_user_service.go:65.93,68.19 2 0
github.com/dennypenta/go-api-walkthrough/handlers/mocks/mock_user_service.go:68.19,69.53 1 0
github.com/dennypenta/go-api-walkthrough/handlers/mocks/mock_user_service.go:72.2,74.83 3 0
github.com/dennypenta/go-api-walkthrough/handlers/mocks/mock_user_service.go:74.83,76.3 1 0
github.com/dennypenta/go-api-walkthrough/handlers/mocks/mock_user_service.go:77.2,77.74 1 0
github.com/dennypenta/go-api-walkthrough/handlers/mocks/mock_user_service.go:77.74,79.3 1 0
github.com/dennypenta/go-api-walkthrough/handlers/mocks/mock_user_service.go:79.8,81.3 1 0
github.com/dennypenta/go-api-walkthrough/handlers/mocks/mock_user_service.go:83.2,83.68 1 0
github.com/dennypenta/go-api-walkthrough/handlers/mocks/mock_user_service.go:83.68,85.3 1 0
github.com/dennypenta/go-api-walkthrough/handlers/mocks/mock_user_service.go:85.8,87.3 1 0
github.com/dennypenta/go-api-walkthrough/handlers/mocks/mock_user_service.go:89.2,89.15 1 0
github.com/dennypenta/go-api-walkthrough/handlers/mocks/mock_user_service.go:93.119,96.19 2 0
github.com/dennypenta/go-api-walkthrough/handlers/mocks/mock_user_service.go:96.19,97.51 1 0
github.com/dennypenta/go-api-walkthrough/handlers/mocks/mock_user_service.go:100.2,102.107 3 0
github.com/dennypenta/go-api-walkthrough/handlers/mocks/mock_user_service.go:102.107,104.3 1 0
github.com/dennypenta/go-api-walkthrough/handlers/mocks/mock_user_service.go:105.2,105.98 1 0
github.com/dennypenta/go-api-walkthrough/handlers/mocks/mock_user_service.go:105.98,107.3 1 0
github.com/dennypenta/go-api-walkthrough/handlers/mocks/mock_user_service.go:107.8,109.3 1 0
github.com/dennypenta/go-api-walkthrough/handlers/mocks/mock_user_service.go:111.2,111.79 1 0
github.com/dennypenta/go-api-walkthrough/handlers/mocks/mock_user_service.go:111.79,113.3 1 0
github.com/dennypenta/go-api-walkthrough/handlers/mocks/mock_user_service.go:113.8,115.3 1 0
github.com/dennypenta/go-api-walkthrough/handlers/mocks/mock_user_service.go:117.2,117.15 1 0
github.com/dennypenta/go-api-walkthrough/handlers/mocks/mock_user_service.go:121.99,124.19 2 0
github.com/dennypenta/go-api-walkthrough/handlers/mocks/mock_user_service.go:124.19,125.52 1 0
github.com/dennypenta/go-api-walkthrough/handlers/mocks/mock_user_service.go:128.2,130.88 3 0
github.com/dennypenta/go-api-walkthrough/handlers/mocks/mock_user_service.go:130.88,132.3 1 0
github.com/dennypenta/go-api-walkthrough/handlers/mocks/mock_user_service.go:133.2,133.79 1 0
github.com/dennypenta/go-api-walkthrough/handlers/mocks/mock_user_service.go:133.79,135.3 1 0
github.com/dennypenta/go-api-walkthrough/handlers/mocks/mock_user_service.go:135.8,137.3 1 0
github.com/dennypenta/go-api-walkthrough/handlers/mocks/mock_user_service.go:139.2,139.73 1 0
github.com/dennypenta/go-api-walkthrough/handlers/mocks/mock_user_service.go:139.73,141.3 1 0
github.com/dennypenta/go-api-walkthrough/handlers/mocks/mock_user_service.go:141.8,143.3 1 0
github.com/dennypenta/go-api-walkthrough/handlers/mocks/mock_user_service.go:145.2,145.15 1 0
github.com/dennypenta/go-api-walkthrough/handlers/mocks/mock_user_service.go:153.21,157.19 3 0
github.com/dennypenta/go-api-walkthrough/handlers/mocks/mock_user_service.go:157.19,157.49 1 0
github.com/dennypenta/go-api-walkthrough/handlers/mocks/mock_user_service.go:159.2,159.13 1 0
github.com/dennypenta/go-api-walkthrough/repository/repo.go:19.53,24.2 1 0
github.com/dennypenta/go-api-walkthrough/repository/repo.go:26.97,32.16 2 0
github.com/dennypenta/go-api-walkthrough/repository/repo.go:32.16,34.3 1 0
github.com/dennypenta/go-api-walkthrough/repository/repo.go:36.2,37.77 2 0
github.com/dennypenta/go-api-walkthrough/repository/repo.go:37.77,39.3 1 0
github.com/dennypenta/go-api-walkthrough/repository/repo.go:41.2,42.18 2 0
github.com/dennypenta/go-api-walkthrough/repository/repo.go:45.91,51.16 3 0
github.com/dennypenta/go-api-walkthrough/repository/repo.go:51.16,53.3 1 0
github.com/dennypenta/go-api-walkthrough/repository/repo.go:55.2,56.16 2 0
github.com/dennypenta/go-api-walkthrough/repository/repo.go:56.16,57.36 1 0
github.com/dennypenta/go-api-walkthrough/repository/repo.go:57.36,59.4 1 0
github.com/dennypenta/go-api-walkthrough/repository/repo.go:60.3,60.19 1 0
github.com/dennypenta/go-api-walkthrough/repository/repo.go:63.2,64.18 2 0
github.com/dennypenta/go-api-walkthrough/repository/repo.go:67.97,72.16 2 0
github.com/dennypenta/go-api-walkthrough/repository/repo.go:72.16,74.3 1 0
github.com/dennypenta/go-api-walkthrough/repository/repo.go:76.2,77.16 2 0
github.com/dennypenta/go-api-walkthrough/repository/repo.go:77.16,79.3 1 0
github.com/dennypenta/go-api-walkthrough/repository/repo.go:81.2,82.16 2 0
github.com/dennypenta/go-api-walkthrough/repository/repo.go:82.16,84.3 1 0
github.com/dennypenta/go-api-walkthrough/repository/repo.go:85.2,85.25 1 0
github.com/dennypenta/go-api-walkthrough/repository/repo.go:85.25,87.3 1 0
github.com/dennypenta/go-api-walkthrough/repository/repo.go:89.2,89.18 1 0
github.com/dennypenta/go-api-walkthrough/repository/repo.go:92.75,97.16 2 0
github.com/dennypenta/go-api-walkthrough/repository/repo.go:97.16,99.3 1 0
github.com/dennypenta/go-api-walkthrough/repository/repo.go:101.2,102.16 2 0
github.com/dennypenta/go-api-walkthrough/repository/repo.go:102.16,104.3 1 0
github.com/dennypenta/go-api-walkthrough/repository/repo.go:106.2,107.16 2 0
github.com/dennypenta/go-api-walkthrough/repository/repo.go:107.16,109.3 1 0
github.com/dennypenta/go-api-walkthrough/repository/repo.go:110.2,110.25 1 0
github.com/dennypenta/go-api-walkthrough/repository/repo.go:110.25,112.3 1 0
github.com/dennypenta/go-api-walkthrough/repository/repo.go:114.2,114.12 1 0
github.com/dennypenta/go-api-walkthrough/repository/repo.go:117.111,127.16 5 0
github.com/dennypenta/go-api-walkthrough/repository/repo.go:127.16,129.3 1 0
github.com/dennypenta/go-api-walkthrough/repository/repo.go:131.2,132.16 2 0
github.com/dennypenta/go-api-walkthrough/repository/repo.go:132.16,134.3 1 0
github.com/dennypenta/go-api-walkthrough/repository/repo.go:135.2,137.18 2 0
github.com/dennypenta/go-api-walkthrough/repository/repo.go:137.18,139.69 2 0
github.com/dennypenta/go-api-walkthrough/repository/repo.go:139.69,141.4 1 0
github.com/dennypenta/go-api-walkthrough/repository/repo.go:142.3,142.30 1 0
github.com/dennypenta/go-api-walkthrough/repository/repo.go:145.2,145.26 1 0
github.com/dennypenta/go-api-walkthrough/domain/models.go:19.32,20.25 1 2
github.com/dennypenta/go-api-walkthrough/domain/models.go:20.25,22.3 1 1
github.com/dennypenta/go-api-walkthrough/domain/models.go:23.2,23.12 1 1
github.com/dennypenta/go-api-walkthrough/domain/models.go:44.52,50.19 5 6
github.com/dennypenta/go-api-walkthrough/domain/models.go:50.19,53.3 2 4
github.com/dennypenta/go-api-walkthrough/domain/models.go:54.2,58.19 4 6
github.com/dennypenta/go-api-walkthrough/domain/models.go:58.19,60.17 2 4
github.com/dennypenta/go-api-walkthrough/domain/models.go:60.17,62.4 1 1
github.com/dennypenta/go-api-walkthrough/domain/models.go:63.3,63.62 1 4
github.com/dennypenta/go-api-walkthrough/domain/models.go:66.2,66.32 1 6
github.com/dennypenta/go-api-walkthrough/domain/models.go:66.32,68.3 1 3
github.com/dennypenta/go-api-walkthrough/domain/users.go:20.55,24.2 1 2
github.com/dennypenta/go-api-walkthrough/domain/users.go:26.80,27.40 1 2
github.com/dennypenta/go-api-walkthrough/domain/users.go:27.40,29.3 1 1
github.com/dennypenta/go-api-walkthrough/domain/users.go:30.2,30.37 1 1
github.com/dennypenta/go-api-walkthrough/domain/users.go:33.81,35.2 1 0
github.com/dennypenta/go-api-walkthrough/domain/users.go:37.80,38.40 1 0
github.com/dennypenta/go-api-walkthrough/domain/users.go:38.40,40.3 1 0
github.com/dennypenta/go-api-walkthrough/domain/users.go:41.2,41.37 1 0
github.com/dennypenta/go-api-walkthrough/domain/users.go:44.72,46.2 1 0
github.com/dennypenta/go-api-walkthrough/domain/users.go:48.100,50.16 2 0
github.com/dennypenta/go-api-walkthrough/domain/users.go:50.16,52.3 1 0
github.com/dennypenta/go-api-walkthrough/domain/users.go:54.2,61.27 3 0
github.com/dennypenta/go-api-walkthrough/pkg/log/log.go:21.48,23.2 1 3
github.com/dennypenta/go-api-walkthrough/pkg/log/log.go:25.55,28.2 2 1
github.com/dennypenta/go-api-walkthrough/pkg/log/log.go:30.28,33.2 2 2
github.com/dennypenta/go-api-walkthrough/pkg/log/log.go:39.58,42.9 3 1
github.com/dennypenta/go-api-walkthrough/pkg/log/log.go:42.9,44.3 1 0
github.com/dennypenta/go-api-walkthrough/pkg/log/log.go:45.2,45.10 1 1
github.com/dennypenta/go-api-walkthrough/pkg/log/log.go:48.75,50.2 1 2
github.com/dennypenta/go-api-walkthrough/pkg/log/log.go:52.59,53.27 1 15
github.com/dennypenta/go-api-walkthrough/pkg/log/log.go:53.27,55.3 1 13
github.com/dennypenta/go-api-walkthrough/pkg/log/log.go:57.2,59.10 3 2
github.com/dennypenta/go-api-walkthrough/pkg/log/log.go:62.42,65.2 2 2
github.com/dennypenta/go-api-walkthrough/pkg/log/log.go:67.75,68.46 1 2
github.com/dennypenta/go-api-walkthrough/pkg/log/log.go:68.46,69.72 1 2
github.com/dennypenta/go-api-walkthrough/pkg/log/log.go:69.72,77.17 5 2
github.com/dennypenta/go-api-walkthrough/pkg/log/log.go:77.17,78.49 1 2
github.com/dennypenta/go-api-walkthrough/pkg/log/log.go:78.49,88.6 3 1
github.com/dennypenta/go-api-walkthrough/pkg/log/log.go:91.4,112.5 8 2
github.com/dennypenta/go-api-walkthrough/handlers/handler.go:30.47,37.2 1 3
github.com/dennypenta/go-api-walkthrough/handlers/handler.go:60.70,62.62 2 3
github.com/dennypenta/go-api-walkthrough/handlers/handler.go:62.62,65.3 2 1
github.com/dennypenta/go-api-walkthrough/handlers/handler.go:67.2,68.16 2 2
github.com/dennypenta/go-api-walkthrough/handlers/handler.go:68.16,71.3 2 1
github.com/dennypenta/go-api-walkthrough/handlers/handler.go:73.2,73.25 1 1
github.com/dennypenta/go-api-walkthrough/handlers/handler.go:76.71,79.16 3 0
github.com/dennypenta/go-api-walkthrough/handlers/handler.go:79.16,82.3 2 0
github.com/dennypenta/go-api-walkthrough/handlers/handler.go:84.2,84.25 1 0
github.com/dennypenta/go-api-walkthrough/handlers/handler.go:87.70,89.62 2 0
github.com/dennypenta/go-api-walkthrough/handlers/handler.go:89.62,92.3 2 0
github.com/dennypenta/go-api-walkthrough/handlers/handler.go:93.2,96.16 3 0
github.com/dennypenta/go-api-walkthrough/handlers/handler.go:96.16,99.3 2 0
github.com/dennypenta/go-api-walkthrough/handlers/handler.go:101.2,101.25 1 0
github.com/dennypenta/go-api-walkthrough/handlers/handler.go:104.70,106.62 2 0
github.com/dennypenta/go-api-walkthrough/handlers/handler.go:106.62,109.3 2 0
github.com/dennypenta/go-api-walkthrough/handlers/handler.go:111.2,111.20 1 0
github.com/dennypenta/go-api-walkthrough/handlers/handler.go:114.69,120.20 5 0
github.com/dennypenta/go-api-walkthrough/handlers/handler.go:120.20,123.31 2 0
github.com/dennypenta/go-api-walkthrough/handlers/handler.go:123.31,125.4 1 0
github.com/dennypenta/go-api-walkthrough/handlers/handler.go:127.2,127.21 1 0
github.com/dennypenta/go-api-walkthrough/handlers/handler.go:127.21,130.33 2 0
github.com/dennypenta/go-api-walkthrough/handlers/handler.go:130.33,132.4 1 0
github.com/dennypenta/go-api-walkthrough/handlers/handler.go:135.2,139.16 2 0
github.com/dennypenta/go-api-walkthrough/handlers/handler.go:139.16,142.3 2 0
github.com/dennypenta/go-api-walkthrough/handlers/handler.go:144.2,144.26 1 0
github.com/dennypenta/go-api-walkthrough/handlers/handler.go:147.66,149.53 2 3
github.com/dennypenta/go-api-walkthrough/handlers/handler.go:149.53,152.3 2 0
github.com/dennypenta/go-api-walkthrough/handlers/handler.go:155.73,158.9 2 1
github.com/dennypenta/go-api-walkthrough/handlers/handler.go:159.46,160.37 1 0
github.com/dennypenta/go-api-walkthrough/handlers/handler.go:161.49,162.40 1 1
github.com/dennypenta/go-api-walkthrough/handlers/handler.go:164.10,166.32 2 0
github.com/dennypenta/go-api-walkthrough/handlers/mocks/mock_user_service.go:19.99,22.19 2 2
github.com/dennypenta/go-api-walkthrough/handlers/mocks/mock_user_service.go:22.19,23.52 1 0
github.com/dennypenta/go-api-walkthrough/handlers/mocks/mock_user_service.go:26.2,28.88 3 2
github.com/dennypenta/go-api-walkthrough/handlers/mocks/mock_user_service.go:28.88,30.3 1 0
github.com/dennypenta/go-api-walkthrough/handlers/mocks/mock_user_service.go:31.2,31.79 1 2
github.com/dennypenta/go-api-walkthrough/handlers/mocks/mock_user_service.go:31.79,33.3 1 0
github.com/dennypenta/go-api-walkthrough/handlers/mocks/mock_user_service.go:33.8,35.3 1 2
github.com/dennypenta/go-api-walkthrough/handlers/mocks/mock_user_service.go:37.2,37.73 1 2
github.com/dennypenta/go-api-walkthrough/handlers/mocks/mock_user_service.go:37.73,39.3 1 0
github.com/dennypenta/go-api-walkthrough/handlers/mocks/mock_user_service.go:39.8,41.3 1 2
github.com/dennypenta/go-api-walkthrough/handlers/mocks/mock_user_service.go:43.2,43.15 1 2
github.com/dennypenta/go-api-walkthrough/handlers/mocks/mock_user_service.go:47.77,50.19 2 0
github.com/dennypenta/go-api-walkthrough/handlers/mocks/mock_user_service.go:50.19,51.52 1 0
github.com/dennypenta/go-api-walkthrough/handlers/mocks/mock_user_service.go:54.2,55.68 2 0
github.com/dennypenta/go-api-walkthrough/handlers/mocks/mock_user_service.go:55.68,57.3 1 0
github.com/dennypenta/go-api-walkthrough/handlers/mocks/mock_user_service.go:57.8,59.3 1 0
github.com/dennypenta/go-api-walkthrough/handlers/mocks/mock_user_service.go:61.2,61.11 1 0
github.com/dennypenta/go-api-walkthrough/handlers/mocks/mock_user_service.go:65.93,68.19 2 0
github.com/dennypenta/go-api-walkthrough/handlers/mocks/mock_user_service.go:68.19,69.53 1 0
github.com/dennypenta/go-api-walkthrough/handlers/mocks/mock_user_service.go:72.2,74.83 3 0
github.com/dennypenta/go-api-walkthrough/handlers/mocks/mock_user_service.go:74.83,76.3 1 0
github.com/dennypenta/go-api-walkthrough/handlers/mocks/mock_user_service.go:77.2,77.74 1 0
github.com/dennypenta/go-api-walkthrough/handlers/mocks/mock_user_service.go:77.74,79.3 1 0
github.com/dennypenta/go-api-walkthrough/handlers/mocks/mock_user_service.go:79.8,81.3 1 0
github.com/dennypenta/go-api-walkthrough/handlers/mocks/mock_user_service.go:83.2,83.68 1 0
github.com/dennypenta/go-api-walkthrough/handlers/mocks/mock_user_service.go:83.68,85.3 1 0
github.com/dennypenta/go-api-walkthrough/handlers/mocks/mock_user_service.go:85.8,87.3 1 0
github.com/dennypenta/go-api-walkthrough/handlers/mocks/mock_user_service.go:89.2,89.15 1 0
github.com/dennypenta/go-api-walkthrough/handlers/mocks/mock_user_service.go:93.119,96.19 2 0
github.com/dennypenta/go-api-walkthrough/handlers/mocks/mock_user_service.go:96.19,97.51 1 0
github.com/dennypenta/go-api-walkthrough/handlers/mocks/mock_user_service.go:100.2,102.107 3 0
github.com/dennypenta/go-api-walkthrough/handlers/mocks/mock_user_service.go:102.107,104.3 1 0
github.com/dennypenta/go-api-walkthrough/handlers/mocks/mock_user_service.go:105.2,105.98 1 0
github.com/dennypenta/go-api-walkthrough/handlers/mocks/mock_user_service.go:105.98,107.3 1 0
github.com/dennypenta/go-api-walkthrough/handlers/mocks/mock_user_service.go:107.8,109.3 1 0
github.com/dennypenta/go-api-walkthrough/handlers/mocks/mock_user_service.go:111.2,111.79 1 0
github.com/dennypenta/go-api-walkthrough/handlers/mocks/mock_user_service.go:111.79,113.3 1 0
github.com/dennypenta/go-api-walkthrough/handlers/mocks/mock_user_service.go:113.8,115.3 1 0
github.com/dennypenta/go-api-walkthrough/handlers/mocks/mock_user_service.go:117.2,117.15 1 0
github.com/dennypenta/go-api-walkthrough/handlers/mocks/mock_user_service.go:121.99,124.19 2 0
github.com/dennypenta/go-api-walkthrough/handlers/mocks/mock_user_service.go:124.19,125.52 1 0
github.com/dennypenta/go-api-walkthrough/handlers/mocks/mock_user_service.go:128.2,130.88 3 0
github.com/dennypenta/go-api-walkthrough/handlers/mocks/mock_user_service.go:130.88,132.3 1 0
github.com/dennypenta/go-api-walkthrough/handlers/mocks/mock_user_service.go:133.2,133.79 1 0
github.com/dennypenta/go-api-walkthrough/handlers/mocks/mock_user_service.go:133.79,135.3 1 0
github.com/dennypenta/go-api-walkthrough/handlers/mocks/mock_user_service.go:135.8,137.3 1 0
github.com/dennypenta/go-api-walkthrough/handlers/mocks/mock_user_service.go:139.2,139.73 1 0
github.com/dennypenta/go-api-walkthrough/handlers/mocks/mock_user_service.go:139.73,141.3 1 0
github.com/dennypenta/go-api-walkthrough/handlers/mocks/mock_user_service.go:141.8,143.3 1 0
github.com/dennypenta/go-api-walkthrough/handlers/mocks/mock_user_service.go:145.2,145.15 1 0
github.com/dennypenta/go-api-walkthrough/handlers/mocks/mock_user_service.go:153.21,157.19 3 3
github.com/dennypenta/go-api-walkthrough/handlers/mocks/mock_user_service.go:157.19,157.49 1 3
github.com/dennypenta/go-api-walkthrough/handlers/mocks/mock_user_service.go:159.2,159.13 1 3
